  Source.cpp
D:\Coding_Projects\C--\LearnCPP_Exercises\2.12_HeaderGaurds_basics\2.12_HeaderGaurds_basics\square.cpp(3,5): error C2084: function 'int getSquareSides(void)' already has a body
  (compiling source file 'Source.cpp')
      D:\Coding_Projects\C--\LearnCPP_Exercises\2.12_HeaderGaurds_basics\2.12_HeaderGaurds_basics\square.h(4,5):
      see previous definition of 'getSquareSides'
  
D:\Coding_Projects\C--\LearnCPP_Exercises\2.12_HeaderGaurds_basics\2.12_HeaderGaurds_basics\square.cpp(10,36): error C2568: '*': unable to resolve function overload
  (compiling source file 'Source.cpp')
      D:\Coding_Projects\C--\LearnCPP_Exercises\2.12_HeaderGaurds_basics\2.12_HeaderGaurds_basics\square.cpp(10,36):
      could be 'int getSquareSides(void)'
  
D:\Coding_Projects\C--\LearnCPP_Exercises\2.12_HeaderGaurds_basics\2.12_HeaderGaurds_basics\Source.cpp(7,43): error C2568: '<<': unable to resolve function overload
      D:\Coding_Projects\C--\LearnCPP_Exercises\2.12_HeaderGaurds_basics\2.12_HeaderGaurds_basics\Source.cpp(7,43):
      could be 'int getSquareSides(void)'
  
  square.cpp
D:\Coding_Projects\C--\LearnCPP_Exercises\2.12_HeaderGaurds_basics\2.12_HeaderGaurds_basics\square.cpp(3,5): error C2084: function 'int getSquareSides(void)' already has a body
      D:\Coding_Projects\C--\LearnCPP_Exercises\2.12_HeaderGaurds_basics\2.12_HeaderGaurds_basics\square.h(4,5):
      see previous definition of 'getSquareSides'
  
D:\Coding_Projects\C--\LearnCPP_Exercises\2.12_HeaderGaurds_basics\2.12_HeaderGaurds_basics\square.cpp(10,36): error C2568: '*': unable to resolve function overload
      D:\Coding_Projects\C--\LearnCPP_Exercises\2.12_HeaderGaurds_basics\2.12_HeaderGaurds_basics\square.cpp(10,36):
      could be 'int getSquareSides(void)'
  
  Generating Code...
